<?xml version="1.0" encoding="UTF-8"?>
<!-- Generated by org.testng.reporters.JUnitReportReporter -->
<testsuite hostname="LIN-5CG15025GG" failures="0" tests="2" name="utils.excelDataProvider" time="0.010" errors="0" timestamp="2024-08-01T10:26:23 IST" skipped="0">
  <testcase classname="utils.excelDataProvider" name="test1" time="0.009"/>
  <system-out/>
  <testcase classname="utils.excelDataProvider" name="test1" time="0.001"/>
  <system-out/>
</testsuite> <!-- utils.excelDataProvider -->
