<?xml version="1.0" encoding="UTF-8"?>
<!-- Generated by org.testng.reporters.JUnitReportReporter -->
<testsuite hostname="LIN-5CG15025GG" failures="0" tests="2" name="testCase.test1" time="4.479" errors="0" timestamp="2024-08-06T20:20:23 IST" skipped="0">
  <testcase classname="testCase.test1" name="logIn" time="4.421"/>
  <system-out/>
  <testcase classname="testCase.test1" name="menuItemsHamburger" time="0.058"/>
  <system-out/>
</testsuite> <!-- testCase.test1 -->
